Documents in collection BEFORE seeding: 960809
Last published_at in database: 2020-11-05T23:59:56.000Z
Parsed 10000 rows...
Parsed 20000 rows...
Parsed 30000 rows...
Parsed 40000 rows...
Parsed 50000 rows...
Parsed 60000 rows...
Parsed 70000 rows...
Parsed 80000 rows...
Parsed 90000 rows...
Parsed 100000 rows...
Parsed 110000 rows...
Parsed 120000 rows...
Parsed 130000 rows...
Parsed 140000 rows...
Parsed 150000 rows...
Parsed 160000 rows...
Parsed 170000 rows...
Parsed 180000 rows...
Parsed 190000 rows...
Parsed 200000 rows...
Parsed 210000 rows...
Parsed 220000 rows...
Parsed 230000 rows...
Parsed 240000 rows...
Parsed 250000 rows...
Parsed 260000 rows...
Parsed 270000 rows...
Parsed 280000 rows...
Parsed 290000 rows...
Parsed 300000 rows...
Parsed 310000 rows...
Parsed 320000 rows...
Parsed 330000 rows...
Parsed 340000 rows...
Parsed 350000 rows...
Parsed 360000 rows...
Parsed 370000 rows...
Parsed 380000 rows...
Parsed 390000 rows...
Parsed 400000 rows...
Parsed 410000 rows...
Parsed 420000 rows...
Parsed 430000 rows...
Parsed 440000 rows...
Parsed 450000 rows...
Parsed 460000 rows...
Parsed 470000 rows...
Parsed 480000 rows...
Parsed 490000 rows...
Parsed 500000 rows...
Parsed 510000 rows...
Parsed 520000 rows...
Parsed 530000 rows...
Parsed 540000 rows...
Parsed 550000 rows...
Parsed 560000 rows...
Parsed 570000 rows...
Parsed 580000 rows...
Parsed 590000 rows...
Parsed 600000 rows...
Parsed 610000 rows...
Parsed 620000 rows...
Parsed 630000 rows...
Parsed 640000 rows...
Parsed 650000 rows...
Parsed 660000 rows...
Parsed 670000 rows...
Parsed 680000 rows...
Parsed 690000 rows...
Parsed 700000 rows...
Parsed 710000 rows...
Parsed 720000 rows...
Parsed 730000 rows...
Parsed 740000 rows...
Parsed 750000 rows...
Parsed 760000 rows...
Parsed 770000 rows...
Parsed 780000 rows...
Parsed 790000 rows...
Parsed 800000 rows...
Parsed 810000 rows...
Parsed 820000 rows...
Parsed 830000 rows...
Parsed 840000 rows...
Parsed 850000 rows...
Parsed 860000 rows...
Parsed 870000 rows...
Finished parsing CSV. Parsed: 876105 rows, Skipped due to timestamp: 0, Skipped missing fields: 0
Inserting batch 1 (1000 documents)...
Inserting batch 2 (1000 documents)...
Inserting batch 3 (1000 documents)...
Inserting batch 4 (1000 documents)...
Inserting batch 5 (1000 documents)...
Inserting batch 6 (1000 documents)...
Inserting batch 7 (1000 documents)...
Inserting batch 8 (1000 documents)...
Inserting batch 9 (1000 documents)...
Inserting batch 10 (1000 documents)...
Inserting batch 11 (1000 documents)...
Inserting batch 12 (1000 documents)...
Inserting batch 13 (1000 documents)...
Inserting batch 14 (1000 documents)...
Inserting batch 15 (1000 documents)...
Inserting batch 16 (1000 documents)...
Inserting batch 17 (1000 documents)...
Inserting batch 18 (1000 documents)...
Inserting batch 19 (1000 documents)...
Inserting batch 20 (1000 documents)...
Inserting batch 21 (1000 documents)...
Inserting batch 22 (1000 documents)...
Inserting batch 23 (1000 documents)...
Inserting batch 24 (1000 documents)...
Inserting batch 25 (1000 documents)...
Inserting batch 26 (1000 documents)...
Inserting batch 27 (1000 documents)...
Inserting batch 28 (1000 documents)...
Inserting batch 29 (1000 documents)...
Inserting batch 30 (1000 documents)...
Inserting batch 31 (1000 documents)...
Inserting batch 32 (1000 documents)...
Inserting batch 33 (1000 documents)...
Inserting batch 34 (1000 documents)...
Inserting batch 35 (1000 documents)...
Inserting batch 36 (1000 documents)...
Inserting batch 37 (1000 documents)...
Inserting batch 38 (1000 documents)...
Inserting batch 39 (1000 documents)...
Inserting batch 40 (1000 documents)...
Inserting batch 41 (1000 documents)...
Inserting batch 42 (1000 documents)...
Inserting batch 43 (1000 documents)...
Inserting batch 44 (1000 documents)...
Inserting batch 45 (1000 documents)...
Inserting batch 46 (1000 documents)...
Inserting batch 47 (1000 documents)...
Inserting batch 48 (1000 documents)...
Inserting batch 49 (1000 documents)...
Inserting batch 50 (1000 documents)...
Inserting batch 51 (1000 documents)...
Inserting batch 52 (1000 documents)...
Inserting batch 53 (1000 documents)...
Inserting batch 54 (1000 documents)...
Inserting batch 55 (1000 documents)...
Inserting batch 56 (1000 documents)...
Inserting batch 57 (1000 documents)...
Inserting batch 58 (1000 documents)...
Inserting batch 59 (1000 documents)...
Inserting batch 60 (1000 documents)...
Inserting batch 61 (1000 documents)...
Inserting batch 62 (1000 documents)...
Inserting batch 63 (1000 documents)...
Inserting batch 64 (1000 documents)...
Inserting batch 65 (1000 documents)...
Inserting batch 66 (1000 documents)...
Inserting batch 67 (1000 documents)...
Inserting batch 68 (1000 documents)...
Inserting batch 69 (1000 documents)...
Inserting batch 70 (1000 documents)...
Inserting batch 71 (1000 documents)...
Inserting batch 72 (1000 documents)...
Inserting batch 73 (1000 documents)...
Inserting batch 74 (1000 documents)...
Inserting batch 75 (1000 documents)...
Inserting batch 76 (1000 documents)...
Inserting batch 77 (1000 documents)...
Inserting batch 78 (1000 documents)...
Inserting batch 79 (1000 documents)...
Inserting batch 80 (1000 documents)...
Inserting batch 81 (1000 documents)...
Inserting batch 82 (1000 documents)...
Inserting batch 83 (1000 documents)...
Inserting batch 84 (1000 documents)...
Inserting batch 85 (1000 documents)...
Inserting batch 86 (1000 documents)...
Inserting batch 87 (1000 documents)...
Inserting batch 88 (1000 documents)...
Inserting batch 89 (1000 documents)...
Inserting batch 90 (1000 documents)...
Inserting batch 91 (1000 documents)...
Inserting batch 92 (1000 documents)...
Inserting batch 93 (1000 documents)...
Inserting batch 94 (1000 documents)...
Inserting batch 95 (1000 documents)...
Inserting batch 96 (1000 documents)...
Inserting batch 97 (1000 documents)...
Inserting batch 98 (1000 documents)...
Inserting batch 99 (1000 documents)...
Inserting batch 100 (1000 documents)...
Inserting batch 101 (1000 documents)...
Inserting batch 102 (1000 documents)...
Inserting batch 103 (1000 documents)...
Inserting batch 104 (1000 documents)...
Inserting batch 105 (1000 documents)...
Inserting batch 106 (1000 documents)...
Inserting batch 107 (1000 documents)...
Inserting batch 108 (1000 documents)...
Inserting batch 109 (1000 documents)...
Inserting batch 110 (1000 documents)...
Inserting batch 111 (1000 documents)...
Inserting batch 112 (1000 documents)...
Inserting batch 113 (1000 documents)...
Inserting batch 114 (1000 documents)...
Inserting batch 115 (1000 documents)...
Inserting batch 116 (1000 documents)...
Inserting batch 117 (1000 documents)...
Inserting batch 118 (1000 documents)...
Inserting batch 119 (1000 documents)...
Inserting batch 120 (1000 documents)...
Inserting batch 121 (1000 documents)...
Inserting batch 122 (1000 documents)...
Inserting batch 123 (1000 documents)...
Inserting batch 124 (1000 documents)...
Inserting batch 125 (1000 documents)...
Inserting batch 126 (1000 documents)...
Inserting batch 127 (1000 documents)...
Inserting batch 128 (1000 documents)...
Inserting batch 129 (1000 documents)...
Inserting batch 130 (1000 documents)...
Inserting batch 131 (1000 documents)...
Inserting batch 132 (1000 documents)...
Inserting batch 133 (1000 documents)...
Inserting batch 134 (1000 documents)...
Inserting batch 135 (1000 documents)...
Inserting batch 136 (1000 documents)...
Inserting batch 137 (1000 documents)...
Inserting batch 138 (1000 documents)...
Inserting batch 139 (1000 documents)...
Inserting batch 140 (1000 documents)...
Inserting batch 141 (1000 documents)...
Inserting batch 142 (1000 documents)...
Inserting batch 143 (1000 documents)...
Inserting batch 144 (1000 documents)...
Inserting batch 145 (1000 documents)...
Inserting batch 146 (1000 documents)...
Inserting batch 147 (1000 documents)...
Inserting batch 148 (1000 documents)...
Inserting batch 149 (1000 documents)...
Inserting batch 150 (1000 documents)...
Inserting batch 151 (1000 documents)...
Inserting batch 152 (1000 documents)...
Inserting batch 153 (1000 documents)...
Inserting batch 154 (1000 documents)...
Inserting batch 155 (1000 documents)...
Inserting batch 156 (1000 documents)...
Inserting batch 157 (1000 documents)...
Inserting batch 158 (1000 documents)...
Inserting batch 159 (1000 documents)...
Inserting batch 160 (1000 documents)...
Inserting batch 161 (1000 documents)...
Inserting batch 162 (1000 documents)...
Inserting batch 163 (1000 documents)...
Inserting batch 164 (1000 documents)...
Inserting batch 165 (1000 documents)...
Inserting batch 166 (1000 documents)...
Inserting batch 167 (1000 documents)...
Inserting batch 168 (1000 documents)...
Inserting batch 169 (1000 documents)...
Inserting batch 170 (1000 documents)...
Inserting batch 171 (1000 documents)...
Inserting batch 172 (1000 documents)...
Inserting batch 173 (1000 documents)...
Inserting batch 174 (1000 documents)...
Inserting batch 175 (1000 documents)...
Inserting batch 176 (1000 documents)...
Inserting batch 177 (1000 documents)...
Inserting batch 178 (1000 documents)...
Inserting batch 179 (1000 documents)...
Inserting batch 180 (1000 documents)...
Inserting batch 181 (1000 documents)...
Inserting batch 182 (1000 documents)...
Inserting batch 183 (1000 documents)...
Inserting batch 184 (1000 documents)...
Inserting batch 185 (1000 documents)...
Inserting batch 186 (1000 documents)...
Inserting batch 187 (1000 documents)...
Inserting batch 188 (1000 documents)...
Inserting batch 189 (1000 documents)...
Inserting batch 190 (1000 documents)...
Inserting batch 191 (1000 documents)...
Inserting batch 192 (1000 documents)...
Inserting batch 193 (1000 documents)...
Inserting batch 194 (1000 documents)...
Inserting batch 195 (1000 documents)...
Inserting batch 196 (1000 documents)...
Inserting batch 197 (1000 documents)...
Inserting batch 198 (1000 documents)...
Inserting batch 199 (1000 documents)...
Inserting batch 200 (1000 documents)...
Inserting batch 201 (1000 documents)...
Inserting batch 202 (1000 documents)...
Inserting batch 203 (1000 documents)...
Inserting batch 204 (1000 documents)...
Inserting batch 205 (1000 documents)...
Inserting batch 206 (1000 documents)...
Inserting batch 207 (1000 documents)...
Inserting batch 208 (1000 documents)...
Inserting batch 209 (1000 documents)...
Inserting batch 210 (1000 documents)...
Inserting batch 211 (1000 documents)...
Inserting batch 212 (1000 documents)...
Inserting batch 213 (1000 documents)...
Inserting batch 214 (1000 documents)...
Inserting batch 215 (1000 documents)...
Inserting batch 216 (1000 documents)...
Inserting batch 217 (1000 documents)...
Inserting batch 218 (1000 documents)...
Inserting batch 219 (1000 documents)...
Inserting batch 220 (1000 documents)...
Inserting batch 221 (1000 documents)...
Inserting batch 222 (1000 documents)...
Inserting batch 223 (1000 documents)...
Inserting batch 224 (1000 documents)...
Inserting batch 225 (1000 documents)...
Inserting batch 226 (1000 documents)...
Inserting batch 227 (1000 documents)...
Inserting batch 228 (1000 documents)...
Inserting batch 229 (1000 documents)...
Inserting batch 230 (1000 documents)...
Inserting batch 231 (1000 documents)...
Inserting batch 232 (1000 documents)...
Inserting batch 233 (1000 documents)...
Inserting batch 234 (1000 documents)...
Inserting batch 235 (1000 documents)...
Inserting batch 236 (1000 documents)...
Inserting batch 237 (1000 documents)...
Inserting batch 238 (1000 documents)...
Inserting batch 239 (1000 documents)...
Inserting batch 240 (1000 documents)...
Inserting batch 241 (1000 documents)...
Inserting batch 242 (1000 documents)...
Inserting batch 243 (1000 documents)...
Inserting batch 244 (1000 documents)...
Inserting batch 245 (1000 documents)...
Inserting batch 246 (1000 documents)...
Inserting batch 247 (1000 documents)...
Inserting batch 248 (1000 documents)...
Inserting batch 249 (1000 documents)...
Inserting batch 250 (1000 documents)...
Inserting batch 251 (1000 documents)...
Inserting batch 252 (1000 documents)...
Inserting batch 253 (1000 documents)...
Inserting batch 254 (1000 documents)...
Inserting batch 255 (1000 documents)...
Inserting batch 256 (1000 documents)...
Inserting batch 257 (1000 documents)...
Inserting batch 258 (1000 documents)...
Inserting batch 259 (1000 documents)...
Inserting batch 260 (1000 documents)...
Inserting batch 261 (1000 documents)...
Inserting batch 262 (1000 documents)...
Inserting batch 263 (1000 documents)...
Inserting batch 264 (1000 documents)...
Inserting batch 265 (1000 documents)...
Inserting batch 266 (1000 documents)...
Inserting batch 267 (1000 documents)...
Inserting batch 268 (1000 documents)...
Inserting batch 269 (1000 documents)...
Inserting batch 270 (1000 documents)...
Inserting batch 271 (1000 documents)...
Inserting batch 272 (1000 documents)...
Inserting batch 273 (1000 documents)...
Inserting batch 274 (1000 documents)...
Inserting batch 275 (1000 documents)...
Inserting batch 276 (1000 documents)...
Inserting batch 277 (1000 documents)...
Inserting batch 278 (1000 documents)...
Inserting batch 279 (1000 documents)...
Inserting batch 280 (1000 documents)...
Inserting batch 281 (1000 documents)...
Inserting batch 282 (1000 documents)...
Inserting batch 283 (1000 documents)...
Inserting batch 284 (1000 documents)...
Inserting batch 285 (1000 documents)...
Inserting batch 286 (1000 documents)...
Inserting batch 287 (1000 documents)...
Inserting batch 288 (1000 documents)...
Inserting batch 289 (1000 documents)...
Inserting batch 290 (1000 documents)...
Inserting batch 291 (1000 documents)...
Inserting batch 292 (1000 documents)...
Inserting batch 293 (1000 documents)...
Inserting batch 294 (1000 documents)...
Inserting batch 295 (1000 documents)...
Inserting batch 296 (1000 documents)...
Inserting batch 297 (1000 documents)...
Inserting batch 298 (1000 documents)...
Inserting batch 299 (1000 documents)...
Inserting batch 300 (1000 documents)...
Inserting batch 301 (1000 documents)...
Inserting batch 302 (1000 documents)...
Inserting batch 303 (1000 documents)...
Inserting batch 304 (1000 documents)...
Inserting batch 305 (1000 documents)...
Inserting batch 306 (1000 documents)...
Inserting batch 307 (1000 documents)...
Inserting batch 308 (1000 documents)...
Inserting batch 309 (1000 documents)...
Inserting batch 310 (1000 documents)...
Inserting batch 311 (1000 documents)...
Inserting batch 312 (1000 documents)...
Inserting batch 313 (1000 documents)...
Inserting batch 314 (1000 documents)...
Inserting batch 315 (1000 documents)...
Inserting batch 316 (1000 documents)...
Inserting batch 317 (1000 documents)...
Inserting batch 318 (1000 documents)...
Inserting batch 319 (1000 documents)...
Inserting batch 320 (1000 documents)...
Inserting batch 321 (1000 documents)...
Inserting batch 322 (1000 documents)...
Inserting batch 323 (1000 documents)...
Inserting batch 324 (1000 documents)...
Inserting batch 325 (1000 documents)...
Inserting batch 326 (1000 documents)...
Inserting batch 327 (1000 documents)...
Inserting batch 328 (1000 documents)...
Inserting batch 329 (1000 documents)...
Inserting batch 330 (1000 documents)...
Inserting batch 331 (1000 documents)...
Inserting batch 332 (1000 documents)...
Inserting batch 333 (1000 documents)...
Inserting batch 334 (1000 documents)...
Inserting batch 335 (1000 documents)...
Inserting batch 336 (1000 documents)...
Inserting batch 337 (1000 documents)...
Inserting batch 338 (1000 documents)...
Inserting batch 339 (1000 documents)...
Inserting batch 340 (1000 documents)...
Inserting batch 341 (1000 documents)...
Inserting batch 342 (1000 documents)...
Inserting batch 343 (1000 documents)...
Inserting batch 344 (1000 documents)...
Inserting batch 345 (1000 documents)...
Inserting batch 346 (1000 documents)...
Inserting batch 347 (1000 documents)...
Inserting batch 348 (1000 documents)...
Inserting batch 349 (1000 documents)...
Inserting batch 350 (1000 documents)...
Inserting batch 351 (1000 documents)...
Inserting batch 352 (1000 documents)...
Inserting batch 353 (1000 documents)...
Inserting batch 354 (1000 documents)...
Inserting batch 355 (1000 documents)...
Inserting batch 356 (1000 documents)...
Inserting batch 357 (1000 documents)...
Inserting batch 358 (1000 documents)...
Inserting batch 359 (1000 documents)...
Inserting batch 360 (1000 documents)...
Inserting batch 361 (1000 documents)...
Inserting batch 362 (1000 documents)...
Inserting batch 363 (1000 documents)...
Inserting batch 364 (1000 documents)...
Inserting batch 365 (1000 documents)...
Inserting batch 366 (1000 documents)...
Inserting batch 367 (1000 documents)...
Inserting batch 368 (1000 documents)...
Inserting batch 369 (1000 documents)...
Inserting batch 370 (1000 documents)...
Inserting batch 371 (1000 documents)...
Inserting batch 372 (1000 documents)...
Inserting batch 373 (1000 documents)...
Inserting batch 374 (1000 documents)...
Inserting batch 375 (1000 documents)...
Inserting batch 376 (1000 documents)...
Inserting batch 377 (1000 documents)...
Inserting batch 378 (1000 documents)...
Inserting batch 379 (1000 documents)...
Inserting batch 380 (1000 documents)...
Inserting batch 381 (1000 documents)...
Inserting batch 382 (1000 documents)...
Inserting batch 383 (1000 documents)...
Inserting batch 384 (1000 documents)...
Inserting batch 385 (1000 documents)...
Inserting batch 386 (1000 documents)...
Inserting batch 387 (1000 documents)...
Inserting batch 388 (1000 documents)...
Inserting batch 389 (1000 documents)...
Inserting batch 390 (1000 documents)...
Inserting batch 391 (1000 documents)...
Inserting batch 392 (1000 documents)...
Inserting batch 393 (1000 documents)...
Inserting batch 394 (1000 documents)...
Inserting batch 395 (1000 documents)...
Inserting batch 396 (1000 documents)...
Inserting batch 397 (1000 documents)...
Inserting batch 398 (1000 documents)...
Inserting batch 399 (1000 documents)...
Inserting batch 400 (1000 documents)...
Inserting batch 401 (1000 documents)...
Inserting batch 402 (1000 documents)...
Inserting batch 403 (1000 documents)...
Inserting batch 404 (1000 documents)...
Inserting batch 405 (1000 documents)...
Inserting batch 406 (1000 documents)...
Inserting batch 407 (1000 documents)...
Inserting batch 408 (1000 documents)...
Inserting batch 409 (1000 documents)...
Inserting batch 410 (1000 documents)...
Inserting batch 411 (1000 documents)...
Inserting batch 412 (1000 documents)...
Inserting batch 413 (1000 documents)...
Inserting batch 414 (1000 documents)...
Inserting batch 415 (1000 documents)...
Inserting batch 416 (1000 documents)...
Inserting batch 417 (1000 documents)...
Inserting batch 418 (1000 documents)...
Inserting batch 419 (1000 documents)...
Inserting batch 420 (1000 documents)...
Inserting batch 421 (1000 documents)...
Inserting batch 422 (1000 documents)...
Inserting batch 423 (1000 documents)...
Inserting batch 424 (1000 documents)...
Inserting batch 425 (1000 documents)...
Inserting batch 426 (1000 documents)...
Inserting batch 427 (1000 documents)...
Inserting batch 428 (1000 documents)...
Inserting batch 429 (1000 documents)...
Inserting batch 430 (1000 documents)...
Inserting batch 431 (1000 documents)...
Inserting batch 432 (1000 documents)...
Inserting batch 433 (1000 documents)...
Inserting batch 434 (1000 documents)...
Inserting batch 435 (1000 documents)...
Inserting batch 436 (1000 documents)...
Inserting batch 437 (1000 documents)...
Inserting batch 438 (1000 documents)...
Inserting batch 439 (1000 documents)...
Inserting batch 440 (1000 documents)...
Inserting batch 441 (1000 documents)...
Inserting batch 442 (1000 documents)...
Inserting batch 443 (1000 documents)...
Inserting batch 444 (1000 documents)...
Inserting batch 445 (1000 documents)...
Inserting batch 446 (1000 documents)...
Inserting batch 447 (1000 documents)...
Inserting batch 448 (1000 documents)...
Inserting batch 449 (1000 documents)...
Inserting batch 450 (1000 documents)...
Inserting batch 451 (1000 documents)...
Inserting batch 452 (1000 documents)...
Inserting batch 453 (1000 documents)...
Inserting batch 454 (1000 documents)...
Inserting batch 455 (1000 documents)...
Inserting batch 456 (1000 documents)...
Inserting batch 457 (1000 documents)...
Inserting batch 458 (1000 documents)...
Inserting batch 459 (1000 documents)...
Inserting batch 460 (1000 documents)...
Inserting batch 461 (1000 documents)...
Inserting batch 462 (1000 documents)...
Inserting batch 463 (1000 documents)...
Inserting batch 464 (1000 documents)...
Inserting batch 465 (1000 documents)...
Inserting batch 466 (1000 documents)...
Inserting batch 467 (1000 documents)...
Inserting batch 468 (1000 documents)...
Inserting batch 469 (1000 documents)...
Inserting batch 470 (1000 documents)...
Inserting batch 471 (1000 documents)...
Inserting batch 472 (1000 documents)...
Inserting batch 473 (1000 documents)...
Inserting batch 474 (1000 documents)...
Inserting batch 475 (1000 documents)...
Inserting batch 476 (1000 documents)...
Inserting batch 477 (1000 documents)...
Inserting batch 478 (1000 documents)...
Inserting batch 479 (1000 documents)...
Inserting batch 480 (1000 documents)...
Inserting batch 481 (1000 documents)...
Inserting batch 482 (1000 documents)...
Inserting batch 483 (1000 documents)...
Inserting batch 484 (1000 documents)...
Inserting batch 485 (1000 documents)...
Inserting batch 486 (1000 documents)...
Inserting batch 487 (1000 documents)...
Inserting batch 488 (1000 documents)...
Inserting batch 489 (1000 documents)...
Inserting batch 490 (1000 documents)...
Inserting batch 491 (1000 documents)...
Inserting batch 492 (1000 documents)...
Inserting batch 493 (1000 documents)...
Inserting batch 494 (1000 documents)...
Inserting batch 495 (1000 documents)...
Inserting batch 496 (1000 documents)...
Inserting batch 497 (1000 documents)...
Inserting batch 498 (1000 documents)...
Inserting batch 499 (1000 documents)...
Inserting batch 500 (1000 documents)...
Inserting batch 501 (1000 documents)...
Inserting batch 502 (1000 documents)...
Inserting batch 503 (1000 documents)...
Inserting batch 504 (1000 documents)...
Inserting batch 505 (1000 documents)...
Inserting batch 506 (1000 documents)...
Inserting batch 507 (1000 documents)...
Inserting batch 508 (1000 documents)...
Inserting batch 509 (1000 documents)...
Inserting batch 510 (1000 documents)...
Inserting batch 511 (1000 documents)...
Inserting batch 512 (1000 documents)...
Inserting batch 513 (1000 documents)...
Inserting batch 514 (1000 documents)...
Inserting batch 515 (1000 documents)...
Inserting batch 516 (1000 documents)...
Inserting batch 517 (1000 documents)...
Inserting batch 518 (1000 documents)...
Inserting batch 519 (1000 documents)...
Inserting batch 520 (1000 documents)...
Inserting batch 521 (1000 documents)...
Inserting batch 522 (1000 documents)...
Inserting batch 523 (1000 documents)...
Inserting batch 524 (1000 documents)...
Inserting batch 525 (1000 documents)...
Inserting batch 526 (1000 documents)...
Inserting batch 527 (1000 documents)...
Inserting batch 528 (1000 documents)...
Inserting batch 529 (1000 documents)...
Inserting batch 530 (1000 documents)...
Inserting batch 531 (1000 documents)...
Inserting batch 532 (1000 documents)...
Inserting batch 533 (1000 documents)...
Inserting batch 534 (1000 documents)...
Inserting batch 535 (1000 documents)...
Inserting batch 536 (1000 documents)...
Inserting batch 537 (1000 documents)...
Inserting batch 538 (1000 documents)...
Inserting batch 539 (1000 documents)...
Inserting batch 540 (1000 documents)...
Inserting batch 541 (1000 documents)...
Inserting batch 542 (1000 documents)...
Inserting batch 543 (1000 documents)...
Inserting batch 544 (1000 documents)...
Inserting batch 545 (1000 documents)...
Inserting batch 546 (1000 documents)...
Inserting batch 547 (1000 documents)...
Inserting batch 548 (1000 documents)...
Inserting batch 549 (1000 documents)...
Inserting batch 550 (1000 documents)...
Inserting batch 551 (1000 documents)...
Inserting batch 552 (1000 documents)...
Inserting batch 553 (1000 documents)...
Inserting batch 554 (1000 documents)...
Inserting batch 555 (1000 documents)...
Inserting batch 556 (1000 documents)...
Inserting batch 557 (1000 documents)...
Inserting batch 558 (1000 documents)...
Inserting batch 559 (1000 documents)...
Inserting batch 560 (1000 documents)...
Inserting batch 561 (1000 documents)...
Inserting batch 562 (1000 documents)...
Inserting batch 563 (1000 documents)...
Inserting batch 564 (1000 documents)...
Inserting batch 565 (1000 documents)...
Inserting batch 566 (1000 documents)...
Inserting batch 567 (1000 documents)...
Inserting batch 568 (1000 documents)...
Inserting batch 569 (1000 documents)...
Inserting batch 570 (1000 documents)...
Inserting batch 571 (1000 documents)...
Inserting batch 572 (1000 documents)...
Inserting batch 573 (1000 documents)...
Inserting batch 574 (1000 documents)...
Inserting batch 575 (1000 documents)...
Inserting batch 576 (1000 documents)...
Inserting batch 577 (1000 documents)...
Inserting batch 578 (1000 documents)...
Inserting batch 579 (1000 documents)...
Inserting batch 580 (1000 documents)...
Inserting batch 581 (1000 documents)...
Inserting batch 582 (1000 documents)...
Inserting batch 583 (1000 documents)...
Inserting batch 584 (1000 documents)...
Inserting batch 585 (1000 documents)...
Inserting batch 586 (1000 documents)...
Inserting batch 587 (1000 documents)...
Inserting batch 588 (1000 documents)...
Inserting batch 589 (1000 documents)...
Inserting batch 590 (1000 documents)...
Inserting batch 591 (1000 documents)...
Inserting batch 592 (1000 documents)...
Inserting batch 593 (1000 documents)...
Inserting batch 594 (1000 documents)...
Inserting batch 595 (1000 documents)...
Inserting batch 596 (1000 documents)...
Inserting batch 597 (1000 documents)...
Inserting batch 598 (1000 documents)...
Inserting batch 599 (1000 documents)...
Inserting batch 600 (1000 documents)...
Inserting batch 601 (1000 documents)...
Inserting batch 602 (1000 documents)...
Inserting batch 603 (1000 documents)...
Inserting batch 604 (1000 documents)...
Inserting batch 605 (1000 documents)...
Inserting batch 606 (1000 documents)...
Inserting batch 607 (1000 documents)...
Inserting batch 608 (1000 documents)...
Inserting batch 609 (1000 documents)...
Inserting batch 610 (1000 documents)...
Inserting batch 611 (1000 documents)...
Inserting batch 612 (1000 documents)...
Inserting batch 613 (1000 documents)...
Inserting batch 614 (1000 documents)...
Inserting batch 615 (1000 documents)...
Inserting batch 616 (1000 documents)...
Inserting batch 617 (1000 documents)...
Inserting batch 618 (1000 documents)...
Inserting batch 619 (1000 documents)...
Inserting batch 620 (1000 documents)...
Inserting batch 621 (1000 documents)...
Inserting batch 622 (1000 documents)...
Inserting batch 623 (1000 documents)...
Inserting batch 624 (1000 documents)...
Inserting batch 625 (1000 documents)...
Inserting batch 626 (1000 documents)...
Inserting batch 627 (1000 documents)...
Inserting batch 628 (1000 documents)...
Inserting batch 629 (1000 documents)...
Inserting batch 630 (1000 documents)...
Inserting batch 631 (1000 documents)...
Inserting batch 632 (1000 documents)...
Inserting batch 633 (1000 documents)...
Inserting batch 634 (1000 documents)...
Inserting batch 635 (1000 documents)...
Inserting batch 636 (1000 documents)...
Inserting batch 637 (1000 documents)...
Inserting batch 638 (1000 documents)...
Inserting batch 639 (1000 documents)...
Inserting batch 640 (1000 documents)...
Inserting batch 641 (1000 documents)...
Inserting batch 642 (1000 documents)...
Inserting batch 643 (1000 documents)...
Inserting batch 644 (1000 documents)...
Inserting batch 645 (1000 documents)...
Inserting batch 646 (1000 documents)...
Inserting batch 647 (1000 documents)...
Inserting batch 648 (1000 documents)...
Inserting batch 649 (1000 documents)...
Inserting batch 650 (1000 documents)...
Inserting batch 651 (1000 documents)...
Inserting batch 652 (1000 documents)...
Inserting batch 653 (1000 documents)...
Inserting batch 654 (1000 documents)...
Inserting batch 655 (1000 documents)...
Inserting batch 656 (1000 documents)...
Inserting batch 657 (1000 documents)...
Inserting batch 658 (1000 documents)...
Inserting batch 659 (1000 documents)...
Inserting batch 660 (1000 documents)...
Inserting batch 661 (1000 documents)...
Inserting batch 662 (1000 documents)...
Inserting batch 663 (1000 documents)...
Inserting batch 664 (1000 documents)...
Inserting batch 665 (1000 documents)...
Inserting batch 666 (1000 documents)...
Inserting batch 667 (1000 documents)...
Inserting batch 668 (1000 documents)...
Inserting batch 669 (1000 documents)...
Inserting batch 670 (1000 documents)...
Inserting batch 671 (1000 documents)...
Inserting batch 672 (1000 documents)...
Inserting batch 673 (1000 documents)...
Inserting batch 674 (1000 documents)...
Inserting batch 675 (1000 documents)...
Inserting batch 676 (1000 documents)...
Inserting batch 677 (1000 documents)...
Inserting batch 678 (1000 documents)...
Inserting batch 679 (1000 documents)...
Inserting batch 680 (1000 documents)...
Inserting batch 681 (1000 documents)...
Inserting batch 682 (1000 documents)...
Inserting batch 683 (1000 documents)...
Inserting batch 684 (1000 documents)...
Inserting batch 685 (1000 documents)...
Inserting batch 686 (1000 documents)...
Inserting batch 687 (1000 documents)...
Inserting batch 688 (1000 documents)...
Inserting batch 689 (1000 documents)...
Inserting batch 690 (1000 documents)...
Inserting batch 691 (1000 documents)...
Inserting batch 692 (1000 documents)...
Inserting batch 693 (1000 documents)...
Inserting batch 694 (1000 documents)...
Inserting batch 695 (1000 documents)...
Inserting batch 696 (1000 documents)...
Inserting batch 697 (1000 documents)...
Inserting batch 698 (1000 documents)...
Inserting batch 699 (1000 documents)...
Inserting batch 700 (1000 documents)...
Inserting batch 701 (1000 documents)...
Inserting batch 702 (1000 documents)...
Inserting batch 703 (1000 documents)...
Inserting batch 704 (1000 documents)...
Inserting batch 705 (1000 documents)...
Inserting batch 706 (1000 documents)...
Inserting batch 707 (1000 documents)...
Inserting batch 708 (1000 documents)...
Inserting batch 709 (1000 documents)...
Inserting batch 710 (1000 documents)...
Inserting batch 711 (1000 documents)...
Inserting batch 712 (1000 documents)...
Inserting batch 713 (1000 documents)...
Inserting batch 714 (1000 documents)...
Inserting batch 715 (1000 documents)...
Inserting batch 716 (1000 documents)...
Inserting batch 717 (1000 documents)...
Inserting batch 718 (1000 documents)...
Inserting batch 719 (1000 documents)...
Inserting batch 720 (1000 documents)...
Inserting batch 721 (1000 documents)...
Inserting batch 722 (1000 documents)...
Inserting batch 723 (1000 documents)...
Inserting batch 724 (1000 documents)...
Inserting batch 725 (1000 documents)...
Inserting batch 726 (1000 documents)...
Inserting batch 727 (1000 documents)...
Inserting batch 728 (1000 documents)...
Inserting batch 729 (1000 documents)...
Inserting batch 730 (1000 documents)...
Inserting batch 731 (1000 documents)...
Inserting batch 732 (1000 documents)...
Inserting batch 733 (1000 documents)...
Inserting batch 734 (1000 documents)...
Inserting batch 735 (1000 documents)...
Inserting batch 736 (1000 documents)...
Inserting batch 737 (1000 documents)...
Inserting batch 738 (1000 documents)...
Inserting batch 739 (1000 documents)...
Inserting batch 740 (1000 documents)...
Inserting batch 741 (1000 documents)...
Inserting batch 742 (1000 documents)...
Inserting batch 743 (1000 documents)...
Inserting batch 744 (1000 documents)...
Inserting batch 745 (1000 documents)...
Inserting batch 746 (1000 documents)...
Inserting batch 747 (1000 documents)...
Inserting batch 748 (1000 documents)...
Inserting batch 749 (1000 documents)...
Inserting batch 750 (1000 documents)...
Inserting batch 751 (1000 documents)...
Inserting batch 752 (1000 documents)...
Inserting batch 753 (1000 documents)...
Inserting batch 754 (1000 documents)...
Inserting batch 755 (1000 documents)...
Inserting batch 756 (1000 documents)...
Inserting batch 757 (1000 documents)...
Inserting batch 758 (1000 documents)...
Inserting batch 759 (1000 documents)...
Inserting batch 760 (1000 documents)...
Inserting batch 761 (1000 documents)...
Inserting batch 762 (1000 documents)...
Inserting batch 763 (1000 documents)...
Inserting batch 764 (1000 documents)...
Inserting batch 765 (1000 documents)...
Inserting batch 766 (1000 documents)...
Inserting batch 767 (1000 documents)...
Inserting batch 768 (1000 documents)...
Inserting batch 769 (1000 documents)...
Inserting batch 770 (1000 documents)...
Inserting batch 771 (1000 documents)...
Inserting batch 772 (1000 documents)...
Inserting batch 773 (1000 documents)...
Inserting batch 774 (1000 documents)...
Inserting batch 775 (1000 documents)...
Inserting batch 776 (1000 documents)...
Inserting batch 777 (1000 documents)...
Inserting batch 778 (1000 documents)...
Inserting batch 779 (1000 documents)...
Inserting batch 780 (1000 documents)...
Inserting batch 781 (1000 documents)...
Inserting batch 782 (1000 documents)...
Inserting batch 783 (1000 documents)...
Inserting batch 784 (1000 documents)...
Inserting batch 785 (1000 documents)...
Inserting batch 786 (1000 documents)...
Inserting batch 787 (1000 documents)...
Inserting batch 788 (1000 documents)...
Inserting batch 789 (1000 documents)...
Inserting batch 790 (1000 documents)...
Inserting batch 791 (1000 documents)...
Inserting batch 792 (1000 documents)...
Inserting batch 793 (1000 documents)...
Inserting batch 794 (1000 documents)...
Inserting batch 795 (1000 documents)...
Inserting batch 796 (1000 documents)...
Inserting batch 797 (1000 documents)...
Inserting batch 798 (1000 documents)...
Inserting batch 799 (1000 documents)...
Inserting batch 800 (1000 documents)...
Inserting batch 801 (1000 documents)...
Inserting batch 802 (1000 documents)...
Inserting batch 803 (1000 documents)...
Inserting batch 804 (1000 documents)...
Inserting batch 805 (1000 documents)...
Inserting batch 806 (1000 documents)...
Inserting batch 807 (1000 documents)...
Inserting batch 808 (1000 documents)...
Inserting batch 809 (1000 documents)...
Inserting batch 810 (1000 documents)...
Inserting batch 811 (1000 documents)...
Inserting batch 812 (1000 documents)...
Inserting batch 813 (1000 documents)...
Inserting batch 814 (1000 documents)...
Inserting batch 815 (1000 documents)...
Inserting batch 816 (1000 documents)...
Inserting batch 817 (1000 documents)...
Inserting batch 818 (1000 documents)...
Inserting batch 819 (1000 documents)...
Inserting batch 820 (1000 documents)...
Inserting batch 821 (1000 documents)...
Inserting batch 822 (1000 documents)...
Inserting batch 823 (1000 documents)...
Inserting batch 824 (1000 documents)...
Inserting batch 825 (1000 documents)...
Inserting batch 826 (1000 documents)...
Inserting batch 827 (1000 documents)...
Inserting batch 828 (1000 documents)...
Inserting batch 829 (1000 documents)...
Inserting batch 830 (1000 documents)...
Inserting batch 831 (1000 documents)...
Inserting batch 832 (1000 documents)...
Inserting batch 833 (1000 documents)...
Inserting batch 834 (1000 documents)...
Inserting batch 835 (1000 documents)...
Inserting batch 836 (1000 documents)...
Inserting batch 837 (1000 documents)...
Inserting batch 838 (1000 documents)...
Inserting batch 839 (1000 documents)...
Inserting batch 840 (1000 documents)...
Inserting batch 841 (1000 documents)...
Inserting batch 842 (1000 documents)...
Inserting batch 843 (1000 documents)...
Inserting batch 844 (1000 documents)...
Inserting batch 845 (1000 documents)...
Inserting batch 846 (1000 documents)...
Inserting batch 847 (1000 documents)...
Inserting batch 848 (1000 documents)...
Inserting batch 849 (1000 documents)...
Inserting batch 850 (1000 documents)...
Inserting batch 851 (1000 documents)...
Inserting batch 852 (1000 documents)...
Inserting batch 853 (1000 documents)...
Inserting batch 854 (1000 documents)...
Inserting batch 855 (1000 documents)...
Inserting batch 856 (1000 documents)...
Inserting batch 857 (1000 documents)...
Inserting batch 858 (1000 documents)...
Inserting batch 859 (1000 documents)...
Inserting batch 860 (1000 documents)...
Inserting batch 861 (1000 documents)...
Inserting batch 862 (1000 documents)...
Inserting batch 863 (1000 documents)...
Inserting batch 864 (1000 documents)...
Inserting batch 865 (1000 documents)...
Inserting batch 866 (1000 documents)...
Inserting batch 867 (1000 documents)...
Inserting batch 868 (1000 documents)...
Inserting batch 869 (1000 documents)...
Inserting batch 870 (1000 documents)...
Inserting batch 871 (1000 documents)...
Inserting batch 872 (1000 documents)...
Inserting batch 873 (1000 documents)...
Inserting batch 874 (1000 documents)...
Inserting batch 875 (1000 documents)...
Inserting batch 876 (1000 documents)...
Inserting batch 877 (105 documents)...
Finished seeding. Inserted: 876105, skipped duplicates: 0
-------------------------------
 Seeding Summary
 - Documents before:           960809
 - Documents after:            1836914
 - Documents added:            876105
-------------------------------
MongoDB connection closed.
